<?xml version="1.0" encoding="UTF-8"?>
<!-- Generated by org.testng.reporters.JUnitReportReporter -->
<testsuite hostname="Jaggu" failures="0" tests="1" name="TestNG.ConfigrationAnnotations" time="16.362" errors="0" timestamp="2023-02-28T12:37:18 IST" skipped="0">
  <testcase classname="TestNG.ConfigrationAnnotations" name="run" time="16.362"/>
  <system-out/>
</testsuite> <!-- TestNG.ConfigrationAnnotations -->
