<?xml version="1.0" encoding="UTF-8"?>
<!-- Generated by org.testng.reporters.JUnitReportReporter -->
<testsuite hostname="Jaggu" failures="0" tests="7" name="TestNG.Sample" time="132.505" errors="0" timestamp="2023-02-28T12:19:42 IST" skipped="0">
  <testcase classname="TestNG.Sample" name="demo" time="34.544"/>
  <system-out/>
  <testcase classname="TestNG.Sample" name="demo" time="32.225"/>
  <system-out/>
  <testcase classname="TestNG.Sample" name="demo1" time="0.002"/>
  <system-out/>
  <testcase classname="TestNG.Sample" name="demo3" time="0.007"/>
  <system-out/>
  <testcase classname="TestNG.Sample" name="demo" time="31.283"/>
  <system-out/>
  <testcase classname="TestNG.Sample" name="demo2" time="0.001"/>
  <system-out/>
  <testcase classname="TestNG.Sample" name="demo" time="34.443"/>
  <system-out/>
</testsuite> <!-- TestNG.Sample -->
