<?xml version="1.0" encoding="UTF-8"?>
<!-- Generated by org.testng.reporters.JUnitReportReporter -->
<testsuite hostname="Jaggu" failures="0" tests="4" name="TestNG.Sample2" time="0.023" errors="0" timestamp="2023-02-28T11:41:47 IST" skipped="0">
  <testcase classname="TestNG.Sample2" name="demoo03" time="0.003"/>
  <system-out/>
  <testcase classname="TestNG.Sample2" name="demooo2" time="0.003"/>
  <system-out/>
  <testcase classname="TestNG.Sample2" name="Demooo" time="0.014"/>
  <system-out/>
  <testcase classname="TestNG.Sample2" name="demooo1" time="0.003"/>
  <system-out/>
</testsuite> <!-- TestNG.Sample2 -->
