<?xml version="1.0" encoding="UTF-8"?>
<!-- Generated by org.testng.reporters.JUnitReportReporter -->
<testsuite hostname="Jaggu" failures="0" tests="4" name="TestNG.Sample1" time="0.016" errors="0" timestamp="2023-02-28T11:41:47 IST" skipped="0">
  <testcase classname="TestNG.Sample1" name="demoo3" time="0.012"/>
  <system-out/>
  <testcase classname="TestNG.Sample1" name="Demoo" time="0.002"/>
  <system-out/>
  <testcase classname="TestNG.Sample1" name="demoo2" time="0.001"/>
  <system-out/>
  <testcase classname="TestNG.Sample1" name="demoo1" time="0.001"/>
  <system-out/>
</testsuite> <!-- TestNG.Sample1 -->
