<?xml version="1.0" encoding="UTF-8"?>
<!-- Generated by org.testng.reporters.JUnitReportReporter -->
<testsuite hostname="Jaggu" failures="0" tests="3" name="TestNG.DATAprovider" time="0.014" errors="0" timestamp="2023-02-28T17:29:26 IST" skipped="0">
  <testcase classname="TestNG.DATAprovider" name="read" time="0.002"/>
  <system-out/>
  <testcase classname="TestNG.DATAprovider" name="read" time="0.002"/>
  <system-out/>
  <testcase classname="TestNG.DATAprovider" name="read" time="0.010"/>
  <system-out/>
</testsuite> <!-- TestNG.DATAprovider -->
