<?xml version="1.0" encoding="UTF-8"?>
<!-- Generated by org.testng.reporters.JUnitReportReporter -->
<testsuite hostname="Jaggu" failures="0" tests="3" name="DataDrivenTest.ReadExcelSingleData" time="0.024" errors="0" timestamp="2023-02-28T17:08:17 IST" skipped="0">
  <testcase classname="DataDrivenTest.ReadExcelSingleData" name="read" time="0.003"/>
  <system-out/>
  <testcase classname="DataDrivenTest.ReadExcelSingleData" name="read" time="0.018"/>
  <system-out/>
  <testcase classname="DataDrivenTest.ReadExcelSingleData" name="read" time="0.003"/>
  <system-out/>
</testsuite> <!-- DataDrivenTest.ReadExcelSingleData -->
