<?xml version="1.0" encoding="UTF-8"?>
<!-- Generated by org.testng.reporters.JUnitReportReporter -->
<testsuite hostname="Jaggu" failures="0" tests="4" name="TestNG.Sample3" time="0.018" errors="0" timestamp="2023-02-28T10:43:02 IST" skipped="0">
  <testcase classname="TestNG.Sample3" name="Demoooo" time="0.006"/>
  <system-out/>
  <testcase classname="TestNG.Sample3" name="demoooo1" time="0.003"/>
  <system-out/>
  <testcase classname="TestNG.Sample3" name="demoooo2" time="0.006"/>
  <system-out/>
  <testcase classname="TestNG.Sample3" name="demoooo3" time="0.003"/>
  <system-out/>
</testsuite> <!-- TestNG.Sample3 -->
